<?xml version="1.0" encoding="UTF-8"?>
<!-- Generated by org.testng.reporters.JUnitReportReporter -->
<testsuite hostname="LAPTOP-HBH5MC6I" failures="0" tests="1" name="com.hrms.testscripts.TC001" time="5.369" errors="0" timestamp="18 Oct 2022 09:33:22 GMT">
  <testcase classname="com.hrms.testscripts.TC001" name="tc001" time="5.369"/>
</testsuite> <!-- com.hrms.testscripts.TC001 -->
